TimeQuest Timing Analyzer report for redgister
Fri Oct 18 16:54:12 2019
Quartus II Version 10.0 Build 218 06/27/2010 SJ Web Edition


---------------------
; Table of Contents ;
---------------------
  1. Legal Notice
  2. TimeQuest Timing Analyzer Summary
  3. Parallel Compilation
  4. Clocks
  5. Slow 1200mV 85C Model Fmax Summary
  6. Slow 1200mV 85C Model Setup Summary
  7. Slow 1200mV 85C Model Hold Summary
  8. Slow 1200mV 85C Model Recovery Summary
  9. Slow 1200mV 85C Model Removal Summary
 10. Slow 1200mV 85C Model Minimum Pulse Width Summary
 11. Slow 1200mV 85C Model Minimum Pulse Width: 'clk'
 12. Setup Times
 13. Hold Times
 14. Clock to Output Times
 15. Minimum Clock to Output Times
 16. Slow 1200mV 85C Model Metastability Report
 17. Slow 1200mV 0C Model Fmax Summary
 18. Slow 1200mV 0C Model Setup Summary
 19. Slow 1200mV 0C Model Hold Summary
 20. Slow 1200mV 0C Model Recovery Summary
 21. Slow 1200mV 0C Model Removal Summary
 22. Slow 1200mV 0C Model Minimum Pulse Width Summary
 23. Slow 1200mV 0C Model Minimum Pulse Width: 'clk'
 24. Setup Times
 25. Hold Times
 26. Clock to Output Times
 27. Minimum Clock to Output Times
 28. Slow 1200mV 0C Model Metastability Report
 29. Fast 1200mV 0C Model Setup Summary
 30. Fast 1200mV 0C Model Hold Summary
 31. Fast 1200mV 0C Model Recovery Summary
 32. Fast 1200mV 0C Model Removal Summary
 33. Fast 1200mV 0C Model Minimum Pulse Width Summary
 34. Fast 1200mV 0C Model Minimum Pulse Width: 'clk'
 35. Setup Times
 36. Hold Times
 37. Clock to Output Times
 38. Minimum Clock to Output Times
 39. Fast 1200mV 0C Model Metastability Report
 40. Multicorner Timing Analysis Summary
 41. Setup Times
 42. Hold Times
 43. Clock to Output Times
 44. Minimum Clock to Output Times
 45. Board Trace Model Assignments
 46. Input Transition Times
 47. Signal Integrity Metrics (Slow 1200mv 0c Model)
 48. Signal Integrity Metrics (Slow 1200mv 85c Model)
 49. Signal Integrity Metrics (Fast 1200mv 0c Model)
 50. Clock Transfers
 51. Report TCCS
 52. Report RSKM
 53. Unconstrained Paths
 54. TimeQuest Timing Analyzer Messages



----------------
; Legal Notice ;
----------------
Copyright (C) 1991-2010 Altera Corporation
Your use of Altera Corporation's design tools, logic functions 
and other software and tools, and its AMPP partner logic 
functions, and any output files from any of the foregoing 
(including device programming or simulation files), and any 
associated documentation or information are expressly subject 
to the terms and conditions of the Altera Program License 
Subscription Agreement, Altera MegaCore Function License 
Agreement, or other applicable license agreement, including, 
without limitation, that your use is for the sole purpose of 
programming logic devices manufactured by Altera and sold by 
Altera or its authorized distributors.  Please refer to the 
applicable agreement for further details.



+-----------------------------------------------------------------------+
; TimeQuest Timing Analyzer Summary                                     ;
+--------------------+--------------------------------------------------+
; Quartus II Version ; Version 10.0 Build 218 06/27/2010 SJ Web Edition ;
; Revision Name      ; redgister                                        ;
; Device Family      ; Cyclone IV E                                     ;
; Device Name        ; EP4CE115F29C7                                    ;
; Timing Models      ; Final                                            ;
; Delay Model        ; Combined                                         ;
; Rise/Fall Delays   ; Enabled                                          ;
+--------------------+--------------------------------------------------+


Parallel compilation was disabled, but you have multiple processors available. Enable parallel compilation to reduce compilation time.
+-------------------------------------+
; Parallel Compilation                ;
+----------------------------+--------+
; Processors                 ; Number ;
+----------------------------+--------+
; Number detected on machine ; 6      ;
; Maximum allowed            ; 1      ;
+----------------------------+--------+


+---------------------------------------------------------------------------------------------------------------------------------------------------------------------------------+
; Clocks                                                                                                                                                                          ;
+------------+------+--------+------------+-------+-------+------------+-----------+-------------+-------+--------+-----------+------------+----------+--------+--------+---------+
; Clock Name ; Type ; Period ; Frequency  ; Rise  ; Fall  ; Duty Cycle ; Divide by ; Multiply by ; Phase ; Offset ; Edge List ; Edge Shift ; Inverted ; Master ; Source ; Targets ;
+------------+------+--------+------------+-------+-------+------------+-----------+-------------+-------+--------+-----------+------------+----------+--------+--------+---------+
; clk        ; Base ; 1.000  ; 1000.0 MHz ; 0.000 ; 0.500 ;            ;           ;             ;       ;        ;           ;            ;          ;        ;        ; { clk } ;
+------------+------+--------+------------+-------+-------+------------+-----------+-------------+-------+--------+-----------+------------+----------+--------+--------+---------+


--------------------------------------
; Slow 1200mV 85C Model Fmax Summary ;
--------------------------------------
No paths to report.


---------------------------------------
; Slow 1200mV 85C Model Setup Summary ;
---------------------------------------
No paths to report.


--------------------------------------
; Slow 1200mV 85C Model Hold Summary ;
--------------------------------------
No paths to report.


------------------------------------------
; Slow 1200mV 85C Model Recovery Summary ;
------------------------------------------
No paths to report.


-----------------------------------------
; Slow 1200mV 85C Model Removal Summary ;
-----------------------------------------
No paths to report.


+---------------------------------------------------+
; Slow 1200mV 85C Model Minimum Pulse Width Summary ;
+-------+--------+----------------------------------+
; Clock ; Slack  ; End Point TNS                    ;
+-------+--------+----------------------------------+
; clk   ; -3.000 ; -13.280                          ;
+-------+--------+----------------------------------+


+------------------------------------------------------------------------------------------------------------+
; Slow 1200mV 85C Model Minimum Pulse Width: 'clk'                                                           ;
+--------+--------------+----------------+------------------+-------+------------+---------------------------+
; Slack  ; Actual Width ; Required Width ; Type             ; Clock ; Clock Edge ; Target                    ;
+--------+--------------+----------------+------------------+-------+------------+---------------------------+
; -3.000 ; 1.000        ; 4.000          ; Port Rate        ; clk   ; Rise       ; clk                       ;
; -1.285 ; 1.000        ; 2.285          ; Min Period       ; clk   ; Rise       ; inst                      ;
; -1.285 ; 1.000        ; 2.285          ; Min Period       ; clk   ; Rise       ; inst18                    ;
; -1.285 ; 1.000        ; 2.285          ; Min Period       ; clk   ; Rise       ; inst19                    ;
; -1.285 ; 1.000        ; 2.285          ; Min Period       ; clk   ; Rise       ; inst20                    ;
; -1.285 ; 1.000        ; 2.285          ; Min Period       ; clk   ; Rise       ; inst21                    ;
; -1.285 ; 1.000        ; 2.285          ; Min Period       ; clk   ; Rise       ; inst22                    ;
; -1.285 ; 1.000        ; 2.285          ; Min Period       ; clk   ; Rise       ; inst23                    ;
; -1.285 ; 1.000        ; 2.285          ; Min Period       ; clk   ; Rise       ; inst24                    ;
; 0.259  ; 0.447        ; 0.188          ; Low Pulse Width  ; clk   ; Rise       ; inst                      ;
; 0.259  ; 0.447        ; 0.188          ; Low Pulse Width  ; clk   ; Rise       ; inst18                    ;
; 0.259  ; 0.447        ; 0.188          ; Low Pulse Width  ; clk   ; Rise       ; inst19                    ;
; 0.259  ; 0.447        ; 0.188          ; Low Pulse Width  ; clk   ; Rise       ; inst20                    ;
; 0.259  ; 0.447        ; 0.188          ; Low Pulse Width  ; clk   ; Rise       ; inst21                    ;
; 0.259  ; 0.447        ; 0.188          ; Low Pulse Width  ; clk   ; Rise       ; inst22                    ;
; 0.259  ; 0.447        ; 0.188          ; Low Pulse Width  ; clk   ; Rise       ; inst23                    ;
; 0.259  ; 0.447        ; 0.188          ; Low Pulse Width  ; clk   ; Rise       ; inst24                    ;
; 0.333  ; 0.553        ; 0.220          ; High Pulse Width ; clk   ; Rise       ; inst                      ;
; 0.333  ; 0.553        ; 0.220          ; High Pulse Width ; clk   ; Rise       ; inst18                    ;
; 0.333  ; 0.553        ; 0.220          ; High Pulse Width ; clk   ; Rise       ; inst19                    ;
; 0.333  ; 0.553        ; 0.220          ; High Pulse Width ; clk   ; Rise       ; inst20                    ;
; 0.333  ; 0.553        ; 0.220          ; High Pulse Width ; clk   ; Rise       ; inst21                    ;
; 0.333  ; 0.553        ; 0.220          ; High Pulse Width ; clk   ; Rise       ; inst22                    ;
; 0.333  ; 0.553        ; 0.220          ; High Pulse Width ; clk   ; Rise       ; inst23                    ;
; 0.333  ; 0.553        ; 0.220          ; High Pulse Width ; clk   ; Rise       ; inst24                    ;
; 0.394  ; 0.394        ; 0.000          ; Low Pulse Width  ; clk   ; Rise       ; clk~input|o               ;
; 0.408  ; 0.408        ; 0.000          ; Low Pulse Width  ; clk   ; Rise       ; clk~inputclkctrl|inclk[0] ;
; 0.408  ; 0.408        ; 0.000          ; Low Pulse Width  ; clk   ; Rise       ; clk~inputclkctrl|outclk   ;
; 0.411  ; 0.411        ; 0.000          ; Low Pulse Width  ; clk   ; Rise       ; inst18|clk                ;
; 0.411  ; 0.411        ; 0.000          ; Low Pulse Width  ; clk   ; Rise       ; inst19|clk                ;
; 0.411  ; 0.411        ; 0.000          ; Low Pulse Width  ; clk   ; Rise       ; inst20|clk                ;
; 0.411  ; 0.411        ; 0.000          ; Low Pulse Width  ; clk   ; Rise       ; inst21|clk                ;
; 0.411  ; 0.411        ; 0.000          ; Low Pulse Width  ; clk   ; Rise       ; inst22|clk                ;
; 0.411  ; 0.411        ; 0.000          ; Low Pulse Width  ; clk   ; Rise       ; inst23|clk                ;
; 0.411  ; 0.411        ; 0.000          ; Low Pulse Width  ; clk   ; Rise       ; inst24|clk                ;
; 0.411  ; 0.411        ; 0.000          ; Low Pulse Width  ; clk   ; Rise       ; inst|clk                  ;
; 0.500  ; 0.500        ; 0.000          ; High Pulse Width ; clk   ; Rise       ; clk~input|i               ;
; 0.500  ; 0.500        ; 0.000          ; Low Pulse Width  ; clk   ; Rise       ; clk~input|i               ;
; 0.588  ; 0.588        ; 0.000          ; High Pulse Width ; clk   ; Rise       ; inst18|clk                ;
; 0.588  ; 0.588        ; 0.000          ; High Pulse Width ; clk   ; Rise       ; inst19|clk                ;
; 0.588  ; 0.588        ; 0.000          ; High Pulse Width ; clk   ; Rise       ; inst20|clk                ;
; 0.588  ; 0.588        ; 0.000          ; High Pulse Width ; clk   ; Rise       ; inst21|clk                ;
; 0.588  ; 0.588        ; 0.000          ; High Pulse Width ; clk   ; Rise       ; inst22|clk                ;
; 0.588  ; 0.588        ; 0.000          ; High Pulse Width ; clk   ; Rise       ; inst23|clk                ;
; 0.588  ; 0.588        ; 0.000          ; High Pulse Width ; clk   ; Rise       ; inst24|clk                ;
; 0.588  ; 0.588        ; 0.000          ; High Pulse Width ; clk   ; Rise       ; inst|clk                  ;
; 0.592  ; 0.592        ; 0.000          ; High Pulse Width ; clk   ; Rise       ; clk~inputclkctrl|inclk[0] ;
; 0.592  ; 0.592        ; 0.000          ; High Pulse Width ; clk   ; Rise       ; clk~inputclkctrl|outclk   ;
; 0.606  ; 0.606        ; 0.000          ; High Pulse Width ; clk   ; Rise       ; clk~input|o               ;
+--------+--------------+----------------+------------------+-------+------------+---------------------------+


+-----------------------------------------------------------------------+
; Setup Times                                                           ;
+-----------+------------+-------+-------+------------+-----------------+
; Data Port ; Clock Port ; Rise  ; Fall  ; Clock Edge ; Clock Reference ;
+-----------+------------+-------+-------+------------+-----------------+
; load      ; clk        ; 1.817 ; 2.131 ; Rise       ; clk             ;
; x0        ; clk        ; 1.341 ; 1.667 ; Rise       ; clk             ;
; x1        ; clk        ; 1.381 ; 1.718 ; Rise       ; clk             ;
; x2        ; clk        ; 1.367 ; 1.691 ; Rise       ; clk             ;
; x3        ; clk        ; 1.687 ; 2.016 ; Rise       ; clk             ;
; x4        ; clk        ; 1.232 ; 1.539 ; Rise       ; clk             ;
; x5        ; clk        ; 1.832 ; 2.171 ; Rise       ; clk             ;
; x6        ; clk        ; 1.863 ; 2.224 ; Rise       ; clk             ;
; x7        ; clk        ; 1.378 ; 1.719 ; Rise       ; clk             ;
+-----------+------------+-------+-------+------------+-----------------+


+-------------------------------------------------------------------------+
; Hold Times                                                              ;
+-----------+------------+--------+--------+------------+-----------------+
; Data Port ; Clock Port ; Rise   ; Fall   ; Clock Edge ; Clock Reference ;
+-----------+------------+--------+--------+------------+-----------------+
; load      ; clk        ; -1.497 ; -1.797 ; Rise       ; clk             ;
; x0        ; clk        ; -0.900 ; -1.204 ; Rise       ; clk             ;
; x1        ; clk        ; -0.938 ; -1.253 ; Rise       ; clk             ;
; x2        ; clk        ; -0.925 ; -1.227 ; Rise       ; clk             ;
; x3        ; clk        ; -1.233 ; -1.539 ; Rise       ; clk             ;
; x4        ; clk        ; -0.795 ; -1.081 ; Rise       ; clk             ;
; x5        ; clk        ; -1.386 ; -1.712 ; Rise       ; clk             ;
; x6        ; clk        ; -1.416 ; -1.763 ; Rise       ; clk             ;
; x7        ; clk        ; -0.936 ; -1.253 ; Rise       ; clk             ;
+-----------+------------+--------+--------+------------+-----------------+


+-------------------------------------------------------------------------+
; Clock to Output Times                                                   ;
+-----------+------------+--------+--------+------------+-----------------+
; Data Port ; Clock Port ; Rise   ; Fall   ; Clock Edge ; Clock Reference ;
+-----------+------------+--------+--------+------------+-----------------+
; s0        ; clk        ; 13.221 ; 13.118 ; Rise       ; clk             ;
; s1        ; clk        ; 11.720 ; 11.678 ; Rise       ; clk             ;
; s2        ; clk        ; 11.585 ; 11.465 ; Rise       ; clk             ;
; s3        ; clk        ; 8.307  ; 8.399  ; Rise       ; clk             ;
; s4        ; clk        ; 12.202 ; 12.118 ; Rise       ; clk             ;
; s5        ; clk        ; 12.398 ; 12.210 ; Rise       ; clk             ;
; s6        ; clk        ; 12.930 ; 12.797 ; Rise       ; clk             ;
; s7        ; clk        ; 10.020 ; 10.191 ; Rise       ; clk             ;
+-----------+------------+--------+--------+------------+-----------------+


+-------------------------------------------------------------------------+
; Minimum Clock to Output Times                                           ;
+-----------+------------+--------+--------+------------+-----------------+
; Data Port ; Clock Port ; Rise   ; Fall   ; Clock Edge ; Clock Reference ;
+-----------+------------+--------+--------+------------+-----------------+
; s0        ; clk        ; 12.739 ; 12.639 ; Rise       ; clk             ;
; s1        ; clk        ; 11.296 ; 11.254 ; Rise       ; clk             ;
; s2        ; clk        ; 11.167 ; 11.049 ; Rise       ; clk             ;
; s3        ; clk        ; 8.020  ; 8.106  ; Rise       ; clk             ;
; s4        ; clk        ; 11.758 ; 11.676 ; Rise       ; clk             ;
; s5        ; clk        ; 11.948 ; 11.765 ; Rise       ; clk             ;
; s6        ; clk        ; 12.459 ; 12.329 ; Rise       ; clk             ;
; s7        ; clk        ; 9.665  ; 9.827  ; Rise       ; clk             ;
+-----------+------------+--------+--------+------------+-----------------+


----------------------------------------------
; Slow 1200mV 85C Model Metastability Report ;
----------------------------------------------
No synchronizer chains to report.


-------------------------------------
; Slow 1200mV 0C Model Fmax Summary ;
-------------------------------------
No paths to report.


--------------------------------------
; Slow 1200mV 0C Model Setup Summary ;
--------------------------------------
No paths to report.


-------------------------------------
; Slow 1200mV 0C Model Hold Summary ;
-------------------------------------
No paths to report.


-----------------------------------------
; Slow 1200mV 0C Model Recovery Summary ;
-----------------------------------------
No paths to report.


----------------------------------------
; Slow 1200mV 0C Model Removal Summary ;
----------------------------------------
No paths to report.


+--------------------------------------------------+
; Slow 1200mV 0C Model Minimum Pulse Width Summary ;
+-------+--------+---------------------------------+
; Clock ; Slack  ; End Point TNS                   ;
+-------+--------+---------------------------------+
; clk   ; -3.000 ; -13.280                         ;
+-------+--------+---------------------------------+


+------------------------------------------------------------------------------------------------------------+
; Slow 1200mV 0C Model Minimum Pulse Width: 'clk'                                                            ;
+--------+--------------+----------------+------------------+-------+------------+---------------------------+
; Slack  ; Actual Width ; Required Width ; Type             ; Clock ; Clock Edge ; Target                    ;
+--------+--------------+----------------+------------------+-------+------------+---------------------------+
; -3.000 ; 1.000        ; 4.000          ; Port Rate        ; clk   ; Rise       ; clk                       ;
; -1.285 ; 1.000        ; 2.285          ; Min Period       ; clk   ; Rise       ; inst                      ;
; -1.285 ; 1.000        ; 2.285          ; Min Period       ; clk   ; Rise       ; inst18                    ;
; -1.285 ; 1.000        ; 2.285          ; Min Period       ; clk   ; Rise       ; inst19                    ;
; -1.285 ; 1.000        ; 2.285          ; Min Period       ; clk   ; Rise       ; inst20                    ;
; -1.285 ; 1.000        ; 2.285          ; Min Period       ; clk   ; Rise       ; inst21                    ;
; -1.285 ; 1.000        ; 2.285          ; Min Period       ; clk   ; Rise       ; inst22                    ;
; -1.285 ; 1.000        ; 2.285          ; Min Period       ; clk   ; Rise       ; inst23                    ;
; -1.285 ; 1.000        ; 2.285          ; Min Period       ; clk   ; Rise       ; inst24                    ;
; 0.279  ; 0.465        ; 0.186          ; Low Pulse Width  ; clk   ; Rise       ; inst                      ;
; 0.279  ; 0.465        ; 0.186          ; Low Pulse Width  ; clk   ; Rise       ; inst18                    ;
; 0.279  ; 0.465        ; 0.186          ; Low Pulse Width  ; clk   ; Rise       ; inst19                    ;
; 0.279  ; 0.465        ; 0.186          ; Low Pulse Width  ; clk   ; Rise       ; inst20                    ;
; 0.279  ; 0.465        ; 0.186          ; Low Pulse Width  ; clk   ; Rise       ; inst21                    ;
; 0.279  ; 0.465        ; 0.186          ; Low Pulse Width  ; clk   ; Rise       ; inst22                    ;
; 0.279  ; 0.465        ; 0.186          ; Low Pulse Width  ; clk   ; Rise       ; inst23                    ;
; 0.279  ; 0.465        ; 0.186          ; Low Pulse Width  ; clk   ; Rise       ; inst24                    ;
; 0.314  ; 0.532        ; 0.218          ; High Pulse Width ; clk   ; Rise       ; inst                      ;
; 0.314  ; 0.532        ; 0.218          ; High Pulse Width ; clk   ; Rise       ; inst18                    ;
; 0.314  ; 0.532        ; 0.218          ; High Pulse Width ; clk   ; Rise       ; inst19                    ;
; 0.314  ; 0.532        ; 0.218          ; High Pulse Width ; clk   ; Rise       ; inst20                    ;
; 0.314  ; 0.532        ; 0.218          ; High Pulse Width ; clk   ; Rise       ; inst21                    ;
; 0.314  ; 0.532        ; 0.218          ; High Pulse Width ; clk   ; Rise       ; inst22                    ;
; 0.314  ; 0.532        ; 0.218          ; High Pulse Width ; clk   ; Rise       ; inst23                    ;
; 0.314  ; 0.532        ; 0.218          ; High Pulse Width ; clk   ; Rise       ; inst24                    ;
; 0.416  ; 0.416        ; 0.000          ; Low Pulse Width  ; clk   ; Rise       ; clk~input|o               ;
; 0.422  ; 0.422        ; 0.000          ; Low Pulse Width  ; clk   ; Rise       ; clk~inputclkctrl|inclk[0] ;
; 0.422  ; 0.422        ; 0.000          ; Low Pulse Width  ; clk   ; Rise       ; clk~inputclkctrl|outclk   ;
; 0.427  ; 0.427        ; 0.000          ; Low Pulse Width  ; clk   ; Rise       ; inst18|clk                ;
; 0.427  ; 0.427        ; 0.000          ; Low Pulse Width  ; clk   ; Rise       ; inst19|clk                ;
; 0.427  ; 0.427        ; 0.000          ; Low Pulse Width  ; clk   ; Rise       ; inst20|clk                ;
; 0.427  ; 0.427        ; 0.000          ; Low Pulse Width  ; clk   ; Rise       ; inst21|clk                ;
; 0.427  ; 0.427        ; 0.000          ; Low Pulse Width  ; clk   ; Rise       ; inst22|clk                ;
; 0.427  ; 0.427        ; 0.000          ; Low Pulse Width  ; clk   ; Rise       ; inst23|clk                ;
; 0.427  ; 0.427        ; 0.000          ; Low Pulse Width  ; clk   ; Rise       ; inst24|clk                ;
; 0.427  ; 0.427        ; 0.000          ; Low Pulse Width  ; clk   ; Rise       ; inst|clk                  ;
; 0.500  ; 0.500        ; 0.000          ; High Pulse Width ; clk   ; Rise       ; clk~input|i               ;
; 0.500  ; 0.500        ; 0.000          ; Low Pulse Width  ; clk   ; Rise       ; clk~input|i               ;
; 0.572  ; 0.572        ; 0.000          ; High Pulse Width ; clk   ; Rise       ; inst18|clk                ;
; 0.572  ; 0.572        ; 0.000          ; High Pulse Width ; clk   ; Rise       ; inst19|clk                ;
; 0.572  ; 0.572        ; 0.000          ; High Pulse Width ; clk   ; Rise       ; inst20|clk                ;
; 0.572  ; 0.572        ; 0.000          ; High Pulse Width ; clk   ; Rise       ; inst21|clk                ;
; 0.572  ; 0.572        ; 0.000          ; High Pulse Width ; clk   ; Rise       ; inst22|clk                ;
; 0.572  ; 0.572        ; 0.000          ; High Pulse Width ; clk   ; Rise       ; inst23|clk                ;
; 0.572  ; 0.572        ; 0.000          ; High Pulse Width ; clk   ; Rise       ; inst24|clk                ;
; 0.572  ; 0.572        ; 0.000          ; High Pulse Width ; clk   ; Rise       ; inst|clk                  ;
; 0.578  ; 0.578        ; 0.000          ; High Pulse Width ; clk   ; Rise       ; clk~inputclkctrl|inclk[0] ;
; 0.578  ; 0.578        ; 0.000          ; High Pulse Width ; clk   ; Rise       ; clk~inputclkctrl|outclk   ;
; 0.584  ; 0.584        ; 0.000          ; High Pulse Width ; clk   ; Rise       ; clk~input|o               ;
+--------+--------------+----------------+------------------+-------+------------+---------------------------+


+-----------------------------------------------------------------------+
; Setup Times                                                           ;
+-----------+------------+-------+-------+------------+-----------------+
; Data Port ; Clock Port ; Rise  ; Fall  ; Clock Edge ; Clock Reference ;
+-----------+------------+-------+-------+------------+-----------------+
; load      ; clk        ; 1.590 ; 1.801 ; Rise       ; clk             ;
; x0        ; clk        ; 1.156 ; 1.364 ; Rise       ; clk             ;
; x1        ; clk        ; 1.193 ; 1.412 ; Rise       ; clk             ;
; x2        ; clk        ; 1.179 ; 1.384 ; Rise       ; clk             ;
; x3        ; clk        ; 1.479 ; 1.681 ; Rise       ; clk             ;
; x4        ; clk        ; 1.074 ; 1.245 ; Rise       ; clk             ;
; x5        ; clk        ; 1.607 ; 1.831 ; Rise       ; clk             ;
; x6        ; clk        ; 1.635 ; 1.868 ; Rise       ; clk             ;
; x7        ; clk        ; 1.192 ; 1.411 ; Rise       ; clk             ;
+-----------+------------+-------+-------+------------+-----------------+


+-------------------------------------------------------------------------+
; Hold Times                                                              ;
+-----------+------------+--------+--------+------------+-----------------+
; Data Port ; Clock Port ; Rise   ; Fall   ; Clock Edge ; Clock Reference ;
+-----------+------------+--------+--------+------------+-----------------+
; load      ; clk        ; -1.307 ; -1.508 ; Rise       ; clk             ;
; x0        ; clk        ; -0.765 ; -0.955 ; Rise       ; clk             ;
; x1        ; clk        ; -0.799 ; -1.000 ; Rise       ; clk             ;
; x2        ; clk        ; -0.786 ; -0.974 ; Rise       ; clk             ;
; x3        ; clk        ; -1.075 ; -1.259 ; Rise       ; clk             ;
; x4        ; clk        ; -0.685 ; -0.839 ; Rise       ; clk             ;
; x5        ; clk        ; -1.211 ; -1.424 ; Rise       ; clk             ;
; x6        ; clk        ; -1.238 ; -1.460 ; Rise       ; clk             ;
; x7        ; clk        ; -0.798 ; -0.999 ; Rise       ; clk             ;
+-----------+------------+--------+--------+------------+-----------------+


+-------------------------------------------------------------------------+
; Clock to Output Times                                                   ;
+-----------+------------+--------+--------+------------+-----------------+
; Data Port ; Clock Port ; Rise   ; Fall   ; Clock Edge ; Clock Reference ;
+-----------+------------+--------+--------+------------+-----------------+
; s0        ; clk        ; 12.161 ; 11.785 ; Rise       ; clk             ;
; s1        ; clk        ; 10.711 ; 10.506 ; Rise       ; clk             ;
; s2        ; clk        ; 10.616 ; 10.302 ; Rise       ; clk             ;
; s3        ; clk        ; 7.523  ; 7.531  ; Rise       ; clk             ;
; s4        ; clk        ; 11.176 ; 10.901 ; Rise       ; clk             ;
; s5        ; clk        ; 11.390 ; 10.975 ; Rise       ; clk             ;
; s6        ; clk        ; 11.880 ; 11.509 ; Rise       ; clk             ;
; s7        ; clk        ; 9.126  ; 9.142  ; Rise       ; clk             ;
+-----------+------------+--------+--------+------------+-----------------+


+-------------------------------------------------------------------------+
; Minimum Clock to Output Times                                           ;
+-----------+------------+--------+--------+------------+-----------------+
; Data Port ; Clock Port ; Rise   ; Fall   ; Clock Edge ; Clock Reference ;
+-----------+------------+--------+--------+------------+-----------------+
; s0        ; clk        ; 11.701 ; 11.339 ; Rise       ; clk             ;
; s1        ; clk        ; 10.306 ; 10.109 ; Rise       ; clk             ;
; s2        ; clk        ; 10.216 ; 9.914  ; Rise       ; clk             ;
; s3        ; clk        ; 7.247  ; 7.253  ; Rise       ; clk             ;
; s4        ; clk        ; 10.753 ; 10.488 ; Rise       ; clk             ;
; s5        ; clk        ; 10.959 ; 10.560 ; Rise       ; clk             ;
; s6        ; clk        ; 11.430 ; 11.074 ; Rise       ; clk             ;
; s7        ; clk        ; 8.786  ; 8.800  ; Rise       ; clk             ;
+-----------+------------+--------+--------+------------+-----------------+


---------------------------------------------
; Slow 1200mV 0C Model Metastability Report ;
---------------------------------------------
No synchronizer chains to report.


--------------------------------------
; Fast 1200mV 0C Model Setup Summary ;
--------------------------------------
No paths to report.


-------------------------------------
; Fast 1200mV 0C Model Hold Summary ;
-------------------------------------
No paths to report.


-----------------------------------------
; Fast 1200mV 0C Model Recovery Summary ;
-----------------------------------------
No paths to report.


----------------------------------------
; Fast 1200mV 0C Model Removal Summary ;
----------------------------------------
No paths to report.


+--------------------------------------------------+
; Fast 1200mV 0C Model Minimum Pulse Width Summary ;
+-------+--------+---------------------------------+
; Clock ; Slack  ; End Point TNS                   ;
+-------+--------+---------------------------------+
; clk   ; -3.000 ; -18.680                         ;
+-------+--------+---------------------------------+


+------------------------------------------------------------------------------------------------------------+
; Fast 1200mV 0C Model Minimum Pulse Width: 'clk'                                                            ;
+--------+--------------+----------------+------------------+-------+------------+---------------------------+
; Slack  ; Actual Width ; Required Width ; Type             ; Clock ; Clock Edge ; Target                    ;
+--------+--------------+----------------+------------------+-------+------------+---------------------------+
; -3.000 ; 1.000        ; 4.000          ; Port Rate        ; clk   ; Rise       ; clk                       ;
; -1.899 ; 1.000        ; 2.899          ; Min Period       ; clk   ; Rise       ; inst                      ;
; -1.899 ; 1.000        ; 2.899          ; Min Period       ; clk   ; Rise       ; inst18                    ;
; -1.899 ; 1.000        ; 2.899          ; Min Period       ; clk   ; Rise       ; inst19                    ;
; -1.899 ; 1.000        ; 2.899          ; Min Period       ; clk   ; Rise       ; inst20                    ;
; -1.899 ; 1.000        ; 2.899          ; Min Period       ; clk   ; Rise       ; inst21                    ;
; -1.899 ; 1.000        ; 2.899          ; Min Period       ; clk   ; Rise       ; inst22                    ;
; -1.899 ; 1.000        ; 2.899          ; Min Period       ; clk   ; Rise       ; inst23                    ;
; -1.899 ; 1.000        ; 2.899          ; Min Period       ; clk   ; Rise       ; inst24                    ;
; -0.061 ; 0.123        ; 0.184          ; Low Pulse Width  ; clk   ; Rise       ; inst                      ;
; -0.061 ; 0.123        ; 0.184          ; Low Pulse Width  ; clk   ; Rise       ; inst18                    ;
; -0.061 ; 0.123        ; 0.184          ; Low Pulse Width  ; clk   ; Rise       ; inst19                    ;
; -0.061 ; 0.123        ; 0.184          ; Low Pulse Width  ; clk   ; Rise       ; inst20                    ;
; -0.061 ; 0.123        ; 0.184          ; Low Pulse Width  ; clk   ; Rise       ; inst21                    ;
; -0.061 ; 0.123        ; 0.184          ; Low Pulse Width  ; clk   ; Rise       ; inst22                    ;
; -0.061 ; 0.123        ; 0.184          ; Low Pulse Width  ; clk   ; Rise       ; inst23                    ;
; -0.061 ; 0.123        ; 0.184          ; Low Pulse Width  ; clk   ; Rise       ; inst24                    ;
; 0.118  ; 0.118        ; 0.000          ; Low Pulse Width  ; clk   ; Rise       ; inst18|clk                ;
; 0.118  ; 0.118        ; 0.000          ; Low Pulse Width  ; clk   ; Rise       ; inst19|clk                ;
; 0.118  ; 0.118        ; 0.000          ; Low Pulse Width  ; clk   ; Rise       ; inst20|clk                ;
; 0.118  ; 0.118        ; 0.000          ; Low Pulse Width  ; clk   ; Rise       ; inst21|clk                ;
; 0.118  ; 0.118        ; 0.000          ; Low Pulse Width  ; clk   ; Rise       ; inst22|clk                ;
; 0.118  ; 0.118        ; 0.000          ; Low Pulse Width  ; clk   ; Rise       ; inst23|clk                ;
; 0.118  ; 0.118        ; 0.000          ; Low Pulse Width  ; clk   ; Rise       ; inst24|clk                ;
; 0.118  ; 0.118        ; 0.000          ; Low Pulse Width  ; clk   ; Rise       ; inst|clk                  ;
; 0.120  ; 0.120        ; 0.000          ; Low Pulse Width  ; clk   ; Rise       ; clk~input|o               ;
; 0.133  ; 0.133        ; 0.000          ; Low Pulse Width  ; clk   ; Rise       ; clk~inputclkctrl|inclk[0] ;
; 0.133  ; 0.133        ; 0.000          ; Low Pulse Width  ; clk   ; Rise       ; clk~inputclkctrl|outclk   ;
; 0.500  ; 0.500        ; 0.000          ; High Pulse Width ; clk   ; Rise       ; clk~input|i               ;
; 0.500  ; 0.500        ; 0.000          ; Low Pulse Width  ; clk   ; Rise       ; clk~input|i               ;
; 0.660  ; 0.876        ; 0.216          ; High Pulse Width ; clk   ; Rise       ; inst                      ;
; 0.660  ; 0.876        ; 0.216          ; High Pulse Width ; clk   ; Rise       ; inst18                    ;
; 0.660  ; 0.876        ; 0.216          ; High Pulse Width ; clk   ; Rise       ; inst19                    ;
; 0.660  ; 0.876        ; 0.216          ; High Pulse Width ; clk   ; Rise       ; inst20                    ;
; 0.660  ; 0.876        ; 0.216          ; High Pulse Width ; clk   ; Rise       ; inst21                    ;
; 0.660  ; 0.876        ; 0.216          ; High Pulse Width ; clk   ; Rise       ; inst22                    ;
; 0.660  ; 0.876        ; 0.216          ; High Pulse Width ; clk   ; Rise       ; inst23                    ;
; 0.660  ; 0.876        ; 0.216          ; High Pulse Width ; clk   ; Rise       ; inst24                    ;
; 0.866  ; 0.866        ; 0.000          ; High Pulse Width ; clk   ; Rise       ; clk~inputclkctrl|inclk[0] ;
; 0.866  ; 0.866        ; 0.000          ; High Pulse Width ; clk   ; Rise       ; clk~inputclkctrl|outclk   ;
; 0.880  ; 0.880        ; 0.000          ; High Pulse Width ; clk   ; Rise       ; clk~input|o               ;
; 0.881  ; 0.881        ; 0.000          ; High Pulse Width ; clk   ; Rise       ; inst18|clk                ;
; 0.881  ; 0.881        ; 0.000          ; High Pulse Width ; clk   ; Rise       ; inst19|clk                ;
; 0.881  ; 0.881        ; 0.000          ; High Pulse Width ; clk   ; Rise       ; inst20|clk                ;
; 0.881  ; 0.881        ; 0.000          ; High Pulse Width ; clk   ; Rise       ; inst21|clk                ;
; 0.881  ; 0.881        ; 0.000          ; High Pulse Width ; clk   ; Rise       ; inst22|clk                ;
; 0.881  ; 0.881        ; 0.000          ; High Pulse Width ; clk   ; Rise       ; inst23|clk                ;
; 0.881  ; 0.881        ; 0.000          ; High Pulse Width ; clk   ; Rise       ; inst24|clk                ;
; 0.881  ; 0.881        ; 0.000          ; High Pulse Width ; clk   ; Rise       ; inst|clk                  ;
+--------+--------------+----------------+------------------+-------+------------+---------------------------+


+-----------------------------------------------------------------------+
; Setup Times                                                           ;
+-----------+------------+-------+-------+------------+-----------------+
; Data Port ; Clock Port ; Rise  ; Fall  ; Clock Edge ; Clock Reference ;
+-----------+------------+-------+-------+------------+-----------------+
; load      ; clk        ; 0.844 ; 1.415 ; Rise       ; clk             ;
; x0        ; clk        ; 0.630 ; 1.214 ; Rise       ; clk             ;
; x1        ; clk        ; 0.662 ; 1.252 ; Rise       ; clk             ;
; x2        ; clk        ; 0.646 ; 1.233 ; Rise       ; clk             ;
; x3        ; clk        ; 0.813 ; 1.421 ; Rise       ; clk             ;
; x4        ; clk        ; 0.559 ; 1.132 ; Rise       ; clk             ;
; x5        ; clk        ; 0.867 ; 1.466 ; Rise       ; clk             ;
; x6        ; clk        ; 0.868 ; 1.477 ; Rise       ; clk             ;
; x7        ; clk        ; 0.655 ; 1.248 ; Rise       ; clk             ;
+-----------+------------+-------+-------+------------+-----------------+


+-------------------------------------------------------------------------+
; Hold Times                                                              ;
+-----------+------------+--------+--------+------------+-----------------+
; Data Port ; Clock Port ; Rise   ; Fall   ; Clock Edge ; Clock Reference ;
+-----------+------------+--------+--------+------------+-----------------+
; load      ; clk        ; -0.677 ; -1.241 ; Rise       ; clk             ;
; x0        ; clk        ; -0.410 ; -0.981 ; Rise       ; clk             ;
; x1        ; clk        ; -0.441 ; -1.018 ; Rise       ; clk             ;
; x2        ; clk        ; -0.426 ; -0.999 ; Rise       ; clk             ;
; x3        ; clk        ; -0.586 ; -1.180 ; Rise       ; clk             ;
; x4        ; clk        ; -0.341 ; -0.901 ; Rise       ; clk             ;
; x5        ; clk        ; -0.642 ; -1.234 ; Rise       ; clk             ;
; x6        ; clk        ; -0.644 ; -1.244 ; Rise       ; clk             ;
; x7        ; clk        ; -0.434 ; -1.013 ; Rise       ; clk             ;
+-----------+------------+--------+--------+------------+-----------------+


+-----------------------------------------------------------------------+
; Clock to Output Times                                                 ;
+-----------+------------+-------+-------+------------+-----------------+
; Data Port ; Clock Port ; Rise  ; Fall  ; Clock Edge ; Clock Reference ;
+-----------+------------+-------+-------+------------+-----------------+
; s0        ; clk        ; 6.795 ; 7.258 ; Rise       ; clk             ;
; s1        ; clk        ; 6.051 ; 6.441 ; Rise       ; clk             ;
; s2        ; clk        ; 5.975 ; 6.323 ; Rise       ; clk             ;
; s3        ; clk        ; 4.365 ; 4.551 ; Rise       ; clk             ;
; s4        ; clk        ; 6.293 ; 6.696 ; Rise       ; clk             ;
; s5        ; clk        ; 6.356 ; 6.744 ; Rise       ; clk             ;
; s6        ; clk        ; 6.661 ; 7.094 ; Rise       ; clk             ;
; s7        ; clk        ; 5.246 ; 5.579 ; Rise       ; clk             ;
+-----------+------------+-------+-------+------------+-----------------+


+-----------------------------------------------------------------------+
; Minimum Clock to Output Times                                         ;
+-----------+------------+-------+-------+------------+-----------------+
; Data Port ; Clock Port ; Rise  ; Fall  ; Clock Edge ; Clock Reference ;
+-----------+------------+-------+-------+------------+-----------------+
; s0        ; clk        ; 6.551 ; 6.996 ; Rise       ; clk             ;
; s1        ; clk        ; 5.834 ; 6.210 ; Rise       ; clk             ;
; s2        ; clk        ; 5.761 ; 6.096 ; Rise       ; clk             ;
; s3        ; clk        ; 4.216 ; 4.395 ; Rise       ; clk             ;
; s4        ; clk        ; 6.067 ; 6.454 ; Rise       ; clk             ;
; s5        ; clk        ; 6.128 ; 6.501 ; Rise       ; clk             ;
; s6        ; clk        ; 6.422 ; 6.837 ; Rise       ; clk             ;
; s7        ; clk        ; 5.062 ; 5.382 ; Rise       ; clk             ;
+-----------+------------+-------+-------+------------+-----------------+


---------------------------------------------
; Fast 1200mV 0C Model Metastability Report ;
---------------------------------------------
No synchronizer chains to report.


+----------------------------------------------------------------------------+
; Multicorner Timing Analysis Summary                                        ;
+------------------+-------+------+----------+---------+---------------------+
; Clock            ; Setup ; Hold ; Recovery ; Removal ; Minimum Pulse Width ;
+------------------+-------+------+----------+---------+---------------------+
; Worst-case Slack ; N/A   ; N/A  ; N/A      ; N/A     ; -3.000              ;
;  clk             ; N/A   ; N/A  ; N/A      ; N/A     ; -3.000              ;
; Design-wide TNS  ; 0.0   ; 0.0  ; 0.0      ; 0.0     ; -18.68              ;
;  clk             ; N/A   ; N/A  ; N/A      ; N/A     ; -18.680             ;
+------------------+-------+------+----------+---------+---------------------+


+-----------------------------------------------------------------------+
; Setup Times                                                           ;
+-----------+------------+-------+-------+------------+-----------------+
; Data Port ; Clock Port ; Rise  ; Fall  ; Clock Edge ; Clock Reference ;
+-----------+------------+-------+-------+------------+-----------------+
; load      ; clk        ; 1.817 ; 2.131 ; Rise       ; clk             ;
; x0        ; clk        ; 1.341 ; 1.667 ; Rise       ; clk             ;
; x1        ; clk        ; 1.381 ; 1.718 ; Rise       ; clk             ;
; x2        ; clk        ; 1.367 ; 1.691 ; Rise       ; clk             ;
; x3        ; clk        ; 1.687 ; 2.016 ; Rise       ; clk             ;
; x4        ; clk        ; 1.232 ; 1.539 ; Rise       ; clk             ;
; x5        ; clk        ; 1.832 ; 2.171 ; Rise       ; clk             ;
; x6        ; clk        ; 1.863 ; 2.224 ; Rise       ; clk             ;
; x7        ; clk        ; 1.378 ; 1.719 ; Rise       ; clk             ;
+-----------+------------+-------+-------+------------+-----------------+


+-------------------------------------------------------------------------+
; Hold Times                                                              ;
+-----------+------------+--------+--------+------------+-----------------+
; Data Port ; Clock Port ; Rise   ; Fall   ; Clock Edge ; Clock Reference ;
+-----------+------------+--------+--------+------------+-----------------+
; load      ; clk        ; -0.677 ; -1.241 ; Rise       ; clk             ;
; x0        ; clk        ; -0.410 ; -0.955 ; Rise       ; clk             ;
; x1        ; clk        ; -0.441 ; -1.000 ; Rise       ; clk             ;
; x2        ; clk        ; -0.426 ; -0.974 ; Rise       ; clk             ;
; x3        ; clk        ; -0.586 ; -1.180 ; Rise       ; clk             ;
; x4        ; clk        ; -0.341 ; -0.839 ; Rise       ; clk             ;
; x5        ; clk        ; -0.642 ; -1.234 ; Rise       ; clk             ;
; x6        ; clk        ; -0.644 ; -1.244 ; Rise       ; clk             ;
; x7        ; clk        ; -0.434 ; -0.999 ; Rise       ; clk             ;
+-----------+------------+--------+--------+------------+-----------------+


+-------------------------------------------------------------------------+
; Clock to Output Times                                                   ;
+-----------+------------+--------+--------+------------+-----------------+
; Data Port ; Clock Port ; Rise   ; Fall   ; Clock Edge ; Clock Reference ;
+-----------+------------+--------+--------+------------+-----------------+
; s0        ; clk        ; 13.221 ; 13.118 ; Rise       ; clk             ;
; s1        ; clk        ; 11.720 ; 11.678 ; Rise       ; clk             ;
; s2        ; clk        ; 11.585 ; 11.465 ; Rise       ; clk             ;
; s3        ; clk        ; 8.307  ; 8.399  ; Rise       ; clk             ;
; s4        ; clk        ; 12.202 ; 12.118 ; Rise       ; clk             ;
; s5        ; clk        ; 12.398 ; 12.210 ; Rise       ; clk             ;
; s6        ; clk        ; 12.930 ; 12.797 ; Rise       ; clk             ;
; s7        ; clk        ; 10.020 ; 10.191 ; Rise       ; clk             ;
+-----------+------------+--------+--------+------------+-----------------+


+-----------------------------------------------------------------------+
; Minimum Clock to Output Times                                         ;
+-----------+------------+-------+-------+------------+-----------------+
; Data Port ; Clock Port ; Rise  ; Fall  ; Clock Edge ; Clock Reference ;
+-----------+------------+-------+-------+------------+-----------------+
; s0        ; clk        ; 6.551 ; 6.996 ; Rise       ; clk             ;
; s1        ; clk        ; 5.834 ; 6.210 ; Rise       ; clk             ;
; s2        ; clk        ; 5.761 ; 6.096 ; Rise       ; clk             ;
; s3        ; clk        ; 4.216 ; 4.395 ; Rise       ; clk             ;
; s4        ; clk        ; 6.067 ; 6.454 ; Rise       ; clk             ;
; s5        ; clk        ; 6.128 ; 6.501 ; Rise       ; clk             ;
; s6        ; clk        ; 6.422 ; 6.837 ; Rise       ; clk             ;
; s7        ; clk        ; 5.062 ; 5.382 ; Rise       ; clk             ;
+-----------+------------+-------+-------+------------+-----------------+


+------------------------------------------------------------------------------------------------------------------------------------------------------------------------------------------------------------------------------------------------------------------------------------------------------------------------------------------------------------------+
; Board Trace Model Assignments                                                                                                                                                                                                                                                                                                                                    ;
+---------------+--------------+-------------------+-------------------------+-------------------------+---------------+---------------------+----------------+------------------+--------+------------------+------------------------+------------------------+--------------+---------------+-----------------+-------+---------------------+--------------------+
; Pin           ; I/O Standard ; Near Tline Length ; Near Tline L per Length ; Near Tline C per Length ; Near Series R ; Near Differential R ; Near Pull-up R ; Near Pull-down R ; Near C ; Far Tline Length ; Far Tline L per Length ; Far Tline C per Length ; Far Series R ; Far Pull-up R ; Far Pull-down R ; Far C ; Termination Voltage ; Far Differential R ;
+---------------+--------------+-------------------+-------------------------+-------------------------+---------------+---------------------+----------------+------------------+--------+------------------+------------------------+------------------------+--------------+---------------+-----------------+-------+---------------------+--------------------+
; s0            ; 2.5 V        ; 0 in              ; 0 H/in                  ; 0 F/in                  ; short         ; -                   ; open           ; open             ; open   ; 0 in             ; 0 H/in                 ; 0 F/in                 ; short        ; open          ; open            ; open  ; 0 V                 ; -                  ;
; s1            ; 2.5 V        ; 0 in              ; 0 H/in                  ; 0 F/in                  ; short         ; -                   ; open           ; open             ; open   ; 0 in             ; 0 H/in                 ; 0 F/in                 ; short        ; open          ; open            ; open  ; 0 V                 ; -                  ;
; s2            ; 2.5 V        ; 0 in              ; 0 H/in                  ; 0 F/in                  ; short         ; -                   ; open           ; open             ; open   ; 0 in             ; 0 H/in                 ; 0 F/in                 ; short        ; open          ; open            ; open  ; 0 V                 ; -                  ;
; s3            ; 2.5 V        ; 0 in              ; 0 H/in                  ; 0 F/in                  ; short         ; -                   ; open           ; open             ; open   ; 0 in             ; 0 H/in                 ; 0 F/in                 ; short        ; open          ; open            ; open  ; 0 V                 ; -                  ;
; s4            ; 2.5 V        ; 0 in              ; 0 H/in                  ; 0 F/in                  ; short         ; -                   ; open           ; open             ; open   ; 0 in             ; 0 H/in                 ; 0 F/in                 ; short        ; open          ; open            ; open  ; 0 V                 ; -                  ;
; s5            ; 2.5 V        ; 0 in              ; 0 H/in                  ; 0 F/in                  ; short         ; -                   ; open           ; open             ; open   ; 0 in             ; 0 H/in                 ; 0 F/in                 ; short        ; open          ; open            ; open  ; 0 V                 ; -                  ;
; s6            ; 2.5 V        ; 0 in              ; 0 H/in                  ; 0 F/in                  ; short         ; -                   ; open           ; open             ; open   ; 0 in             ; 0 H/in                 ; 0 F/in                 ; short        ; open          ; open            ; open  ; 0 V                 ; -                  ;
; s7            ; 2.5 V        ; 0 in              ; 0 H/in                  ; 0 F/in                  ; short         ; -                   ; open           ; open             ; open   ; 0 in             ; 0 H/in                 ; 0 F/in                 ; short        ; open          ; open            ; open  ; 0 V                 ; -                  ;
; ~ALTERA_DCLK~ ; 2.5 V        ; 0 in              ; 0 H/in                  ; 0 F/in                  ; short         ; -                   ; open           ; open             ; open   ; 0 in             ; 0 H/in                 ; 0 F/in                 ; short        ; open          ; open            ; open  ; 0 V                 ; -                  ;
; ~ALTERA_nCEO~ ; 2.5 V        ; 0 in              ; 0 H/in                  ; 0 F/in                  ; short         ; -                   ; open           ; open             ; open   ; 0 in             ; 0 H/in                 ; 0 F/in                 ; short        ; open          ; open            ; open  ; 0 V                 ; -                  ;
+---------------+--------------+-------------------+-------------------------+-------------------------+---------------+---------------------+----------------+------------------+--------+------------------+------------------------+------------------------+--------------+---------------+-----------------+-------+---------------------+--------------------+


+----------------------------------------------------------------------------+
; Input Transition Times                                                     ;
+-------------------------+--------------+-----------------+-----------------+
; Pin                     ; I/O Standard ; 10-90 Rise Time ; 90-10 Fall Time ;
+-------------------------+--------------+-----------------+-----------------+
; x0                      ; 2.5 V        ; 2000 ps         ; 2000 ps         ;
; clk                     ; 2.5 V        ; 2000 ps         ; 2000 ps         ;
; load                    ; 2.5 V        ; 2000 ps         ; 2000 ps         ;
; x1                      ; 2.5 V        ; 2000 ps         ; 2000 ps         ;
; x2                      ; 2.5 V        ; 2000 ps         ; 2000 ps         ;
; x3                      ; 2.5 V        ; 2000 ps         ; 2000 ps         ;
; x4                      ; 2.5 V        ; 2000 ps         ; 2000 ps         ;
; x5                      ; 2.5 V        ; 2000 ps         ; 2000 ps         ;
; x6                      ; 2.5 V        ; 2000 ps         ; 2000 ps         ;
; x7                      ; 2.5 V        ; 2000 ps         ; 2000 ps         ;
; ~ALTERA_ASDO_DATA1~     ; 2.5 V        ; 2000 ps         ; 2000 ps         ;
; ~ALTERA_FLASH_nCE_nCSO~ ; 2.5 V        ; 2000 ps         ; 2000 ps         ;
; ~ALTERA_DATA0~          ; 2.5 V        ; 2000 ps         ; 2000 ps         ;
+-------------------------+--------------+-----------------+-----------------+


+--------------------------------------------------------------------------------------------------------------------------------------------------------------------------------------------------------------------------------------------------------------------------------------------------------------------------------------------------------------------------------------------------------------------------------------------------------------------------------------------------------------------------------------------------------------------------------------------------------------------------------------------------------------------------------------------+
; Signal Integrity Metrics (Slow 1200mv 0c Model)                                                                                                                                                                                                                                                                                                                                                                                                                                                                                                                                                                                                                                            ;
+---------------+--------------+---------------------+---------------------+------------------------------+------------------------------+---------------------+---------------------+--------------------------------------+--------------------------------------+-----------------------------+-----------------------------+----------------------------+----------------------------+-----------------------------+-----------------------------+--------------------+--------------------+-------------------------------------+-------------------------------------+----------------------------+----------------------------+---------------------------+---------------------------+
; Pin           ; I/O Standard ; Board Delay on Rise ; Board Delay on Fall ; Steady State Voh at FPGA Pin ; Steady State Vol at FPGA Pin ; Voh Max at FPGA Pin ; Vol Min at FPGA Pin ; Ringback Voltage on Rise at FPGA Pin ; Ringback Voltage on Fall at FPGA Pin ; 10-90 Rise Time at FPGA Pin ; 90-10 Fall Time at FPGA Pin ; Monotonic Rise at FPGA Pin ; Monotonic Fall at FPGA Pin ; Steady State Voh at Far-end ; Steady State Vol at Far-end ; Voh Max at Far-end ; Vol Min at Far-end ; Ringback Voltage on Rise at Far-end ; Ringback Voltage on Fall at Far-end ; 10-90 Rise Time at Far-end ; 90-10 Fall Time at Far-end ; Monotonic Rise at Far-end ; Monotonic Fall at Far-end ;
+---------------+--------------+---------------------+---------------------+------------------------------+------------------------------+---------------------+---------------------+--------------------------------------+--------------------------------------+-----------------------------+-----------------------------+----------------------------+----------------------------+-----------------------------+-----------------------------+--------------------+--------------------+-------------------------------------+-------------------------------------+----------------------------+----------------------------+---------------------------+---------------------------+
; s0            ; 2.5 V        ; 0 s                 ; 0 s                 ; 2.32 V                       ; 4.49e-09 V                   ; 2.38 V              ; -0.00552 V          ; 0.096 V                              ; 0.019 V                              ; 4.18e-10 s                  ; 3.59e-10 s                  ; No                         ; Yes                        ; 2.32 V                      ; 4.49e-09 V                  ; 2.38 V             ; -0.00552 V         ; 0.096 V                             ; 0.019 V                             ; 4.18e-10 s                 ; 3.59e-10 s                 ; No                        ; Yes                       ;
; s1            ; 2.5 V        ; 0 s                 ; 0 s                 ; 2.32 V                       ; 4.49e-09 V                   ; 2.38 V              ; -0.00552 V          ; 0.096 V                              ; 0.019 V                              ; 4.18e-10 s                  ; 3.59e-10 s                  ; No                         ; Yes                        ; 2.32 V                      ; 4.49e-09 V                  ; 2.38 V             ; -0.00552 V         ; 0.096 V                             ; 0.019 V                             ; 4.18e-10 s                 ; 3.59e-10 s                 ; No                        ; Yes                       ;
; s2            ; 2.5 V        ; 0 s                 ; 0 s                 ; 2.32 V                       ; 4.49e-09 V                   ; 2.38 V              ; -0.00552 V          ; 0.096 V                              ; 0.019 V                              ; 4.18e-10 s                  ; 3.59e-10 s                  ; No                         ; Yes                        ; 2.32 V                      ; 4.49e-09 V                  ; 2.38 V             ; -0.00552 V         ; 0.096 V                             ; 0.019 V                             ; 4.18e-10 s                 ; 3.59e-10 s                 ; No                        ; Yes                       ;
; s3            ; 2.5 V        ; 0 s                 ; 0 s                 ; 2.32 V                       ; 4.49e-09 V                   ; 2.38 V              ; -0.00552 V          ; 0.096 V                              ; 0.019 V                              ; 4.18e-10 s                  ; 3.59e-10 s                  ; No                         ; Yes                        ; 2.32 V                      ; 4.49e-09 V                  ; 2.38 V             ; -0.00552 V         ; 0.096 V                             ; 0.019 V                             ; 4.18e-10 s                 ; 3.59e-10 s                 ; No                        ; Yes                       ;
; s4            ; 2.5 V        ; 0 s                 ; 0 s                 ; 2.32 V                       ; 4.49e-09 V                   ; 2.38 V              ; -0.00552 V          ; 0.096 V                              ; 0.019 V                              ; 4.18e-10 s                  ; 3.59e-10 s                  ; No                         ; Yes                        ; 2.32 V                      ; 4.49e-09 V                  ; 2.38 V             ; -0.00552 V         ; 0.096 V                             ; 0.019 V                             ; 4.18e-10 s                 ; 3.59e-10 s                 ; No                        ; Yes                       ;
; s5            ; 2.5 V        ; 0 s                 ; 0 s                 ; 2.32 V                       ; 4.49e-09 V                   ; 2.38 V              ; -0.00552 V          ; 0.096 V                              ; 0.019 V                              ; 4.18e-10 s                  ; 3.59e-10 s                  ; No                         ; Yes                        ; 2.32 V                      ; 4.49e-09 V                  ; 2.38 V             ; -0.00552 V         ; 0.096 V                             ; 0.019 V                             ; 4.18e-10 s                 ; 3.59e-10 s                 ; No                        ; Yes                       ;
; s6            ; 2.5 V        ; 0 s                 ; 0 s                 ; 2.32 V                       ; 4.49e-09 V                   ; 2.38 V              ; -0.00552 V          ; 0.096 V                              ; 0.019 V                              ; 4.18e-10 s                  ; 3.59e-10 s                  ; No                         ; Yes                        ; 2.32 V                      ; 4.49e-09 V                  ; 2.38 V             ; -0.00552 V         ; 0.096 V                             ; 0.019 V                             ; 4.18e-10 s                 ; 3.59e-10 s                 ; No                        ; Yes                       ;
; s7            ; 2.5 V        ; 0 s                 ; 0 s                 ; 2.32 V                       ; 4.49e-09 V                   ; 2.38 V              ; -0.00552 V          ; 0.096 V                              ; 0.019 V                              ; 4.18e-10 s                  ; 3.59e-10 s                  ; No                         ; Yes                        ; 2.32 V                      ; 4.49e-09 V                  ; 2.38 V             ; -0.00552 V         ; 0.096 V                             ; 0.019 V                             ; 4.18e-10 s                 ; 3.59e-10 s                 ; No                        ; Yes                       ;
; ~ALTERA_DCLK~ ; 2.5 V        ; 0 s                 ; 0 s                 ; 2.32 V                       ; 2.67e-09 V                   ; 2.38 V              ; -0.0485 V           ; 0.167 V                              ; 0.096 V                              ; 2.95e-10 s                  ; 2.73e-10 s                  ; Yes                        ; Yes                        ; 2.32 V                      ; 2.67e-09 V                  ; 2.38 V             ; -0.0485 V          ; 0.167 V                             ; 0.096 V                             ; 2.95e-10 s                 ; 2.73e-10 s                 ; Yes                       ; Yes                       ;
; ~ALTERA_nCEO~ ; 2.5 V        ; 0 s                 ; 0 s                 ; 2.32 V                       ; 4.18e-09 V                   ; 2.38 V              ; -0.00483 V          ; 0.152 V                              ; 0.012 V                              ; 4.81e-10 s                  ; 6.29e-10 s                  ; Yes                        ; Yes                        ; 2.32 V                      ; 4.18e-09 V                  ; 2.38 V             ; -0.00483 V         ; 0.152 V                             ; 0.012 V                             ; 4.81e-10 s                 ; 6.29e-10 s                 ; Yes                       ; Yes                       ;
+---------------+--------------+---------------------+---------------------+------------------------------+------------------------------+---------------------+---------------------+--------------------------------------+--------------------------------------+-----------------------------+-----------------------------+----------------------------+----------------------------+-----------------------------+-----------------------------+--------------------+--------------------+-------------------------------------+-------------------------------------+----------------------------+----------------------------+---------------------------+---------------------------+


+--------------------------------------------------------------------------------------------------------------------------------------------------------------------------------------------------------------------------------------------------------------------------------------------------------------------------------------------------------------------------------------------------------------------------------------------------------------------------------------------------------------------------------------------------------------------------------------------------------------------------------------------------------------------------------------------+
; Signal Integrity Metrics (Slow 1200mv 85c Model)                                                                                                                                                                                                                                                                                                                                                                                                                                                                                                                                                                                                                                           ;
+---------------+--------------+---------------------+---------------------+------------------------------+------------------------------+---------------------+---------------------+--------------------------------------+--------------------------------------+-----------------------------+-----------------------------+----------------------------+----------------------------+-----------------------------+-----------------------------+--------------------+--------------------+-------------------------------------+-------------------------------------+----------------------------+----------------------------+---------------------------+---------------------------+
; Pin           ; I/O Standard ; Board Delay on Rise ; Board Delay on Fall ; Steady State Voh at FPGA Pin ; Steady State Vol at FPGA Pin ; Voh Max at FPGA Pin ; Vol Min at FPGA Pin ; Ringback Voltage on Rise at FPGA Pin ; Ringback Voltage on Fall at FPGA Pin ; 10-90 Rise Time at FPGA Pin ; 90-10 Fall Time at FPGA Pin ; Monotonic Rise at FPGA Pin ; Monotonic Fall at FPGA Pin ; Steady State Voh at Far-end ; Steady State Vol at Far-end ; Voh Max at Far-end ; Vol Min at Far-end ; Ringback Voltage on Rise at Far-end ; Ringback Voltage on Fall at Far-end ; 10-90 Rise Time at Far-end ; 90-10 Fall Time at Far-end ; Monotonic Rise at Far-end ; Monotonic Fall at Far-end ;
+---------------+--------------+---------------------+---------------------+------------------------------+------------------------------+---------------------+---------------------+--------------------------------------+--------------------------------------+-----------------------------+-----------------------------+----------------------------+----------------------------+-----------------------------+-----------------------------+--------------------+--------------------+-------------------------------------+-------------------------------------+----------------------------+----------------------------+---------------------------+---------------------------+
; s0            ; 2.5 V        ; 0 s                 ; 0 s                 ; 2.32 V                       ; 6.92e-07 V                   ; 2.35 V              ; -0.00996 V          ; 0.121 V                              ; 0.03 V                               ; 4.64e-10 s                  ; 4.47e-10 s                  ; Yes                        ; Yes                        ; 2.32 V                      ; 6.92e-07 V                  ; 2.35 V             ; -0.00996 V         ; 0.121 V                             ; 0.03 V                              ; 4.64e-10 s                 ; 4.47e-10 s                 ; Yes                       ; Yes                       ;
; s1            ; 2.5 V        ; 0 s                 ; 0 s                 ; 2.32 V                       ; 6.92e-07 V                   ; 2.35 V              ; -0.00996 V          ; 0.121 V                              ; 0.03 V                               ; 4.64e-10 s                  ; 4.47e-10 s                  ; Yes                        ; Yes                        ; 2.32 V                      ; 6.92e-07 V                  ; 2.35 V             ; -0.00996 V         ; 0.121 V                             ; 0.03 V                              ; 4.64e-10 s                 ; 4.47e-10 s                 ; Yes                       ; Yes                       ;
; s2            ; 2.5 V        ; 0 s                 ; 0 s                 ; 2.32 V                       ; 6.92e-07 V                   ; 2.35 V              ; -0.00996 V          ; 0.121 V                              ; 0.03 V                               ; 4.64e-10 s                  ; 4.47e-10 s                  ; Yes                        ; Yes                        ; 2.32 V                      ; 6.92e-07 V                  ; 2.35 V             ; -0.00996 V         ; 0.121 V                             ; 0.03 V                              ; 4.64e-10 s                 ; 4.47e-10 s                 ; Yes                       ; Yes                       ;
; s3            ; 2.5 V        ; 0 s                 ; 0 s                 ; 2.32 V                       ; 6.92e-07 V                   ; 2.35 V              ; -0.00996 V          ; 0.121 V                              ; 0.03 V                               ; 4.64e-10 s                  ; 4.47e-10 s                  ; Yes                        ; Yes                        ; 2.32 V                      ; 6.92e-07 V                  ; 2.35 V             ; -0.00996 V         ; 0.121 V                             ; 0.03 V                              ; 4.64e-10 s                 ; 4.47e-10 s                 ; Yes                       ; Yes                       ;
; s4            ; 2.5 V        ; 0 s                 ; 0 s                 ; 2.32 V                       ; 6.92e-07 V                   ; 2.35 V              ; -0.00996 V          ; 0.121 V                              ; 0.03 V                               ; 4.64e-10 s                  ; 4.47e-10 s                  ; Yes                        ; Yes                        ; 2.32 V                      ; 6.92e-07 V                  ; 2.35 V             ; -0.00996 V         ; 0.121 V                             ; 0.03 V                              ; 4.64e-10 s                 ; 4.47e-10 s                 ; Yes                       ; Yes                       ;
; s5            ; 2.5 V        ; 0 s                 ; 0 s                 ; 2.32 V                       ; 6.92e-07 V                   ; 2.35 V              ; -0.00996 V          ; 0.121 V                              ; 0.03 V                               ; 4.64e-10 s                  ; 4.47e-10 s                  ; Yes                        ; Yes                        ; 2.32 V                      ; 6.92e-07 V                  ; 2.35 V             ; -0.00996 V         ; 0.121 V                             ; 0.03 V                              ; 4.64e-10 s                 ; 4.47e-10 s                 ; Yes                       ; Yes                       ;
; s6            ; 2.5 V        ; 0 s                 ; 0 s                 ; 2.32 V                       ; 6.92e-07 V                   ; 2.35 V              ; -0.00996 V          ; 0.121 V                              ; 0.03 V                               ; 4.64e-10 s                  ; 4.47e-10 s                  ; Yes                        ; Yes                        ; 2.32 V                      ; 6.92e-07 V                  ; 2.35 V             ; -0.00996 V         ; 0.121 V                             ; 0.03 V                              ; 4.64e-10 s                 ; 4.47e-10 s                 ; Yes                       ; Yes                       ;
; s7            ; 2.5 V        ; 0 s                 ; 0 s                 ; 2.32 V                       ; 6.92e-07 V                   ; 2.35 V              ; -0.00996 V          ; 0.121 V                              ; 0.03 V                               ; 4.64e-10 s                  ; 4.47e-10 s                  ; Yes                        ; Yes                        ; 2.32 V                      ; 6.92e-07 V                  ; 2.35 V             ; -0.00996 V         ; 0.121 V                             ; 0.03 V                              ; 4.64e-10 s                 ; 4.47e-10 s                 ; Yes                       ; Yes                       ;
; ~ALTERA_DCLK~ ; 2.5 V        ; 0 s                 ; 0 s                 ; 2.32 V                       ; 3.75e-07 V                   ; 2.35 V              ; -0.0109 V           ; 0.084 V                              ; 0.027 V                              ; 4.31e-10 s                  ; 3.61e-10 s                  ; Yes                        ; Yes                        ; 2.32 V                      ; 3.75e-07 V                  ; 2.35 V             ; -0.0109 V          ; 0.084 V                             ; 0.027 V                             ; 4.31e-10 s                 ; 3.61e-10 s                 ; Yes                       ; Yes                       ;
; ~ALTERA_nCEO~ ; 2.5 V        ; 0 s                 ; 0 s                 ; 2.32 V                       ; 6.15e-07 V                   ; 2.35 V              ; -0.00712 V          ; 0.093 V                              ; 0.02 V                               ; 6.21e-10 s                  ; 7.9e-10 s                   ; Yes                        ; Yes                        ; 2.32 V                      ; 6.15e-07 V                  ; 2.35 V             ; -0.00712 V         ; 0.093 V                             ; 0.02 V                              ; 6.21e-10 s                 ; 7.9e-10 s                  ; Yes                       ; Yes                       ;
+---------------+--------------+---------------------+---------------------+------------------------------+------------------------------+---------------------+---------------------+--------------------------------------+--------------------------------------+-----------------------------+-----------------------------+----------------------------+----------------------------+-----------------------------+-----------------------------+--------------------+--------------------+-------------------------------------+-------------------------------------+----------------------------+----------------------------+---------------------------+---------------------------+


+--------------------------------------------------------------------------------------------------------------------------------------------------------------------------------------------------------------------------------------------------------------------------------------------------------------------------------------------------------------------------------------------------------------------------------------------------------------------------------------------------------------------------------------------------------------------------------------------------------------------------------------------------------------------------------------------+
; Signal Integrity Metrics (Fast 1200mv 0c Model)                                                                                                                                                                                                                                                                                                                                                                                                                                                                                                                                                                                                                                            ;
+---------------+--------------+---------------------+---------------------+------------------------------+------------------------------+---------------------+---------------------+--------------------------------------+--------------------------------------+-----------------------------+-----------------------------+----------------------------+----------------------------+-----------------------------+-----------------------------+--------------------+--------------------+-------------------------------------+-------------------------------------+----------------------------+----------------------------+---------------------------+---------------------------+
; Pin           ; I/O Standard ; Board Delay on Rise ; Board Delay on Fall ; Steady State Voh at FPGA Pin ; Steady State Vol at FPGA Pin ; Voh Max at FPGA Pin ; Vol Min at FPGA Pin ; Ringback Voltage on Rise at FPGA Pin ; Ringback Voltage on Fall at FPGA Pin ; 10-90 Rise Time at FPGA Pin ; 90-10 Fall Time at FPGA Pin ; Monotonic Rise at FPGA Pin ; Monotonic Fall at FPGA Pin ; Steady State Voh at Far-end ; Steady State Vol at Far-end ; Voh Max at Far-end ; Vol Min at Far-end ; Ringback Voltage on Rise at Far-end ; Ringback Voltage on Fall at Far-end ; 10-90 Rise Time at Far-end ; 90-10 Fall Time at Far-end ; Monotonic Rise at Far-end ; Monotonic Fall at Far-end ;
+---------------+--------------+---------------------+---------------------+------------------------------+------------------------------+---------------------+---------------------+--------------------------------------+--------------------------------------+-----------------------------+-----------------------------+----------------------------+----------------------------+-----------------------------+-----------------------------+--------------------+--------------------+-------------------------------------+-------------------------------------+----------------------------+----------------------------+---------------------------+---------------------------+
; s0            ; 2.5 V        ; 0 s                 ; 0 s                 ; 2.62 V                       ; 4.05e-08 V                   ; 2.72 V              ; -0.0349 V           ; 0.173 V                              ; 0.1 V                                ; 2.72e-10 s                  ; 2.69e-10 s                  ; Yes                        ; Yes                        ; 2.62 V                      ; 4.05e-08 V                  ; 2.72 V             ; -0.0349 V          ; 0.173 V                             ; 0.1 V                               ; 2.72e-10 s                 ; 2.69e-10 s                 ; Yes                       ; Yes                       ;
; s1            ; 2.5 V        ; 0 s                 ; 0 s                 ; 2.62 V                       ; 4.05e-08 V                   ; 2.72 V              ; -0.0349 V           ; 0.173 V                              ; 0.1 V                                ; 2.72e-10 s                  ; 2.69e-10 s                  ; Yes                        ; Yes                        ; 2.62 V                      ; 4.05e-08 V                  ; 2.72 V             ; -0.0349 V          ; 0.173 V                             ; 0.1 V                               ; 2.72e-10 s                 ; 2.69e-10 s                 ; Yes                       ; Yes                       ;
; s2            ; 2.5 V        ; 0 s                 ; 0 s                 ; 2.62 V                       ; 4.05e-08 V                   ; 2.72 V              ; -0.0349 V           ; 0.173 V                              ; 0.1 V                                ; 2.72e-10 s                  ; 2.69e-10 s                  ; Yes                        ; Yes                        ; 2.62 V                      ; 4.05e-08 V                  ; 2.72 V             ; -0.0349 V          ; 0.173 V                             ; 0.1 V                               ; 2.72e-10 s                 ; 2.69e-10 s                 ; Yes                       ; Yes                       ;
; s3            ; 2.5 V        ; 0 s                 ; 0 s                 ; 2.62 V                       ; 4.05e-08 V                   ; 2.72 V              ; -0.0349 V           ; 0.173 V                              ; 0.1 V                                ; 2.72e-10 s                  ; 2.69e-10 s                  ; Yes                        ; Yes                        ; 2.62 V                      ; 4.05e-08 V                  ; 2.72 V             ; -0.0349 V          ; 0.173 V                             ; 0.1 V                               ; 2.72e-10 s                 ; 2.69e-10 s                 ; Yes                       ; Yes                       ;
; s4            ; 2.5 V        ; 0 s                 ; 0 s                 ; 2.62 V                       ; 4.05e-08 V                   ; 2.72 V              ; -0.0349 V           ; 0.173 V                              ; 0.1 V                                ; 2.72e-10 s                  ; 2.69e-10 s                  ; Yes                        ; Yes                        ; 2.62 V                      ; 4.05e-08 V                  ; 2.72 V             ; -0.0349 V          ; 0.173 V                             ; 0.1 V                               ; 2.72e-10 s                 ; 2.69e-10 s                 ; Yes                       ; Yes                       ;
; s5            ; 2.5 V        ; 0 s                 ; 0 s                 ; 2.62 V                       ; 4.05e-08 V                   ; 2.72 V              ; -0.0349 V           ; 0.173 V                              ; 0.1 V                                ; 2.72e-10 s                  ; 2.69e-10 s                  ; Yes                        ; Yes                        ; 2.62 V                      ; 4.05e-08 V                  ; 2.72 V             ; -0.0349 V          ; 0.173 V                             ; 0.1 V                               ; 2.72e-10 s                 ; 2.69e-10 s                 ; Yes                       ; Yes                       ;
; s6            ; 2.5 V        ; 0 s                 ; 0 s                 ; 2.62 V                       ; 4.05e-08 V                   ; 2.72 V              ; -0.0349 V           ; 0.173 V                              ; 0.1 V                                ; 2.72e-10 s                  ; 2.69e-10 s                  ; Yes                        ; Yes                        ; 2.62 V                      ; 4.05e-08 V                  ; 2.72 V             ; -0.0349 V          ; 0.173 V                             ; 0.1 V                               ; 2.72e-10 s                 ; 2.69e-10 s                 ; Yes                       ; Yes                       ;
; s7            ; 2.5 V        ; 0 s                 ; 0 s                 ; 2.62 V                       ; 4.05e-08 V                   ; 2.72 V              ; -0.0349 V           ; 0.173 V                              ; 0.1 V                                ; 2.72e-10 s                  ; 2.69e-10 s                  ; Yes                        ; Yes                        ; 2.62 V                      ; 4.05e-08 V                  ; 2.72 V             ; -0.0349 V          ; 0.173 V                             ; 0.1 V                               ; 2.72e-10 s                 ; 2.69e-10 s                 ; Yes                       ; Yes                       ;
; ~ALTERA_DCLK~ ; 2.5 V        ; 0 s                 ; 0 s                 ; 2.62 V                       ; 2.22e-08 V                   ; 2.74 V              ; -0.06 V             ; 0.158 V                              ; 0.08 V                               ; 2.68e-10 s                  ; 2.19e-10 s                  ; Yes                        ; Yes                        ; 2.62 V                      ; 2.22e-08 V                  ; 2.74 V             ; -0.06 V            ; 0.158 V                             ; 0.08 V                              ; 2.68e-10 s                 ; 2.19e-10 s                 ; Yes                       ; Yes                       ;
; ~ALTERA_nCEO~ ; 2.5 V        ; 0 s                 ; 0 s                 ; 2.62 V                       ; 3.54e-08 V                   ; 2.7 V               ; -0.00943 V          ; 0.276 V                              ; 0.035 V                              ; 3.19e-10 s                  ; 4.99e-10 s                  ; No                         ; Yes                        ; 2.62 V                      ; 3.54e-08 V                  ; 2.7 V              ; -0.00943 V         ; 0.276 V                             ; 0.035 V                             ; 3.19e-10 s                 ; 4.99e-10 s                 ; No                        ; Yes                       ;
+---------------+--------------+---------------------+---------------------+------------------------------+------------------------------+---------------------+---------------------+--------------------------------------+--------------------------------------+-----------------------------+-----------------------------+----------------------------+----------------------------+-----------------------------+-----------------------------+--------------------+--------------------+-------------------------------------+-------------------------------------+----------------------------+----------------------------+---------------------------+---------------------------+


-------------------
; Clock Transfers ;
-------------------
Nothing to report.


---------------
; Report TCCS ;
---------------
No dedicated SERDES Transmitter circuitry present in device or used in design


---------------
; Report RSKM ;
---------------
No dedicated SERDES Receiver circuitry present in device or used in design


+------------------------------------------------+
; Unconstrained Paths                            ;
+---------------------------------+-------+------+
; Property                        ; Setup ; Hold ;
+---------------------------------+-------+------+
; Illegal Clocks                  ; 0     ; 0    ;
; Unconstrained Clocks            ; 0     ; 0    ;
; Registers Without Clock Pin     ; 0     ; 0    ;
; Unconstrained Input Ports       ; 9     ; 9    ;
; Unconstrained Input Port Paths  ; 16    ; 16   ;
; Unconstrained Output Ports      ; 8     ; 8    ;
; Unconstrained Output Port Paths ; 8     ; 8    ;
; Unconstrained Reg-to-Reg Paths  ; 0     ; 0    ;
+---------------------------------+-------+------+


+------------------------------------+
; TimeQuest Timing Analyzer Messages ;
+------------------------------------+
Info: *******************************************************************
Info: Running Quartus II TimeQuest Timing Analyzer
    Info: Version 10.0 Build 218 06/27/2010 SJ Web Edition
    Info: Processing started: Fri Oct 18 16:54:10 2019
Info: Command: quartus_sta redgister -c redgister
Info: qsta_default_script.tcl version: #1
Info: Core supply voltage is 1.2V
Info: Low junction temperature is 0 degrees C
Info: High junction temperature is 85 degrees C
Critical Warning: Synopsys Design Constraints File file not found: 'redgister.sdc'. A Synopsys Design Constraints File is required by the TimeQuest Timing Analyzer to get proper timing constraints. Without it, the Compiler will not properly optimize the design.
Info: No user constrained base clocks found in the design. Calling "derive_clocks -period 1.0"
Info: Deriving Clocks
    Info: create_clock -period 1.000 -name clk clk
Info: No user constrained clock uncertainty found in the design. Calling "derive_clock_uncertainty"
Info: The derive_clock_uncertainty command did not apply clock uncertainty to any clock-to-clock transfers.
Info: Analyzing Slow 1200mV 85C Model
Info: No fmax paths to report
Info: No Setup paths to report
Info: No Hold paths to report
Info: No Recovery paths to report
Info: No Removal paths to report
Critical Warning: Timing requirements not met
Info: Worst-case minimum pulse width slack is -3.000
    Info:     Slack End Point TNS Clock 
    Info: ========= ============= =====================
    Info:    -3.000       -13.280 clk 
Info: Analyzing Slow 1200mV 0C Model
Info: Started post-fitting delay annotation
Info: Delay annotation completed successfully
Info: The derive_clock_uncertainty command did not apply clock uncertainty to any clock-to-clock transfers.
Info: No fmax paths to report
Info: No Setup paths to report
Info: No Hold paths to report
Info: No Recovery paths to report
Info: No Removal paths to report
Critical Warning: Timing requirements not met
Info: Worst-case minimum pulse width slack is -3.000
    Info:     Slack End Point TNS Clock 
    Info: ========= ============= =====================
    Info:    -3.000       -13.280 clk 
Info: Analyzing Fast 1200mV 0C Model
Info: Started post-fitting delay annotation
Info: Delay annotation completed successfully
Info: The derive_clock_uncertainty command did not apply clock uncertainty to any clock-to-clock transfers.
Info: No Setup paths to report
Info: No Hold paths to report
Info: No Recovery paths to report
Info: No Removal paths to report
Critical Warning: Timing requirements not met
Info: Worst-case minimum pulse width slack is -3.000
    Info:     Slack End Point TNS Clock 
    Info: ========= ============= =====================
    Info:    -3.000       -18.680 clk 
Info: Design is not fully constrained for setup requirements
Info: Design is not fully constrained for hold requirements
Info: Quartus II TimeQuest Timing Analyzer was successful. 0 errors, 4 warnings
    Info: Peak virtual memory: 332 megabytes
    Info: Processing ended: Fri Oct 18 16:54:12 2019
    Info: Elapsed time: 00:00:02
    Info: Total CPU time (on all processors): 00:00:02


